13:32:06.905 [restartedMain] INFO  deti.tqs.phihub.PhiHubApplication - Starting PhiHubApplication using Java 17.0.2 with PID 106 (/Backend/target/classes started by root in /Backend)
13:32:06.913 [restartedMain] INFO  deti.tqs.phihub.PhiHubApplication - No active profile set, falling back to 1 default profile: "default"
13:32:07.237 [restartedMain] INFO  o.s.b.d.e.DevToolsPropertyDefaultsPostProcessor - Devtools property defaults active! Set 'spring.devtools.add-properties' to 'false' to disable
13:32:07.238 [restartedMain] INFO  o.s.b.d.e.DevToolsPropertyDefaultsPostProcessor - For additional web related logging consider setting the 'logging.level.web' property to 'DEBUG'
13:32:24.126 [restartedMain] INFO  o.s.d.r.c.RepositoryConfigurationDelegate - Bootstrapping Spring Data JPA repositories in DEFAULT mode.
13:32:26.169 [restartedMain] INFO  o.s.d.r.c.RepositoryConfigurationDelegate - Finished Spring Data repository scanning in 1991 ms. Found 10 JPA repository interfaces.
13:32:32.950 [restartedMain] INFO  o.s.b.w.e.tomcat.TomcatWebServer - Tomcat initialized with port 8080 (http)
13:32:33.008 [restartedMain] INFO  o.a.coyote.http11.Http11NioProtocol - Initializing ProtocolHandler ["http-nio-8080"]
13:32:33.026 [restartedMain] INFO  o.a.catalina.core.StandardService - Starting service [Tomcat]
13:32:33.028 [restartedMain] INFO  o.a.catalina.core.StandardEngine - Starting Servlet engine: [Apache Tomcat/10.1.20]
13:32:33.316 [restartedMain] INFO  o.a.c.c.C.[Tomcat].[localhost].[/] - Initializing Spring embedded WebApplicationContext
13:32:33.319 [restartedMain] INFO  o.s.b.w.s.c.ServletWebServerApplicationContext - Root WebApplicationContext: initialization completed in 26076 ms
13:32:34.596 [restartedMain] INFO  com.zaxxer.hikari.HikariDataSource - HikariPool-1 - Starting...
13:32:35.948 [restartedMain] INFO  com.zaxxer.hikari.pool.HikariPool - HikariPool-1 - Added connection org.postgresql.jdbc.PgConnection@5629f315
13:32:35.969 [restartedMain] INFO  com.zaxxer.hikari.HikariDataSource - HikariPool-1 - Start completed.
13:32:36.017 [restartedMain] INFO  o.s.b.a.h.H2ConsoleAutoConfiguration - H2 console available at '/h2-console'. Database available at 'jdbc:postgresql://postgres-db:5432/phihub'
13:32:38.177 [restartedMain] INFO  o.h.jpa.internal.util.LogHelper - HHH000204: Processing PersistenceUnitInfo [name: default]
13:32:39.043 [restartedMain] INFO  org.hibernate.Version - HHH000412: Hibernate ORM core version 6.4.4.Final
13:32:39.600 [restartedMain] INFO  o.h.c.i.RegionFactoryInitiator - HHH000026: Second-level cache disabled
13:32:43.737 [restartedMain] INFO  o.s.o.j.p.SpringPersistenceUnitInfo - No LoadTimeWeaver setup: ignoring JPA class transformer
13:32:56.832 [restartedMain] INFO  o.h.e.t.j.p.i.JtaPlatformInitiator - HHH000489: No JTA platform available (set 'hibernate.transaction.jta.platform' to enable JTA platform integration)
13:32:57.320 [restartedMain] INFO  o.s.o.j.LocalContainerEntityManagerFactoryBean - Initialized JPA EntityManagerFactory for persistence unit 'default'
13:33:01.639 [restartedMain] INFO  o.s.d.j.r.query.QueryEnhancerFactory - Hibernate is in classpath; If applicable, HQL parser will be used.
13:33:07.054 [restartedMain] WARN  o.s.b.a.o.j.JpaBaseConfiguration$JpaWebConfiguration - spring.jpa.open-in-view is enabled by default. Therefore, database queries may be performed during view rendering. Explicitly configure spring.jpa.open-in-view to disable this warning
13:33:11.579 [restartedMain] INFO  o.s.b.a.e.web.EndpointLinksResolver - Exposing 1 endpoint(s) beneath base path '/actuator'
13:33:12.224 [restartedMain] INFO  o.s.s.web.DefaultSecurityFilterChain - Will secure any request with [org.springframework.security.web.session.DisableEncodeUrlFilter@404c5767, org.springframework.security.web.context.request.async.WebAsyncManagerIntegrationFilter@2c373a7d, org.springframework.security.web.context.SecurityContextHolderFilter@69ced852, org.springframework.security.web.header.HeaderWriterFilter@17fa439a, org.springframework.web.filter.CorsFilter@1575875a, org.springframework.security.web.authentication.logout.LogoutFilter@3e261b3b, deti.tqs.phihub.configs.SecurityFilter@32098ce2, org.springframework.security.web.savedrequest.RequestCacheAwareFilter@4c261ee9, org.springframework.security.web.servletapi.SecurityContextHolderAwareRequestFilter@49329c78, org.springframework.security.web.authentication.AnonymousAuthenticationFilter@42c79322, org.springframework.security.web.session.SessionManagementFilter@37b50f26, org.springframework.security.web.access.ExceptionTranslationFilter@14debf64, org.springframework.security.web.access.intercept.AuthorizationFilter@37edf6a]
13:33:22.395 [restartedMain] INFO  o.s.b.d.a.OptionalLiveReloadServer - LiveReload server is running on port 35729
13:33:22.678 [restartedMain] INFO  o.a.coyote.http11.Http11NioProtocol - Starting ProtocolHandler ["http-nio-8080"]
13:33:22.736 [restartedMain] INFO  o.s.b.w.e.tomcat.TomcatWebServer - Tomcat started on port 8080 (http) with context path ''
13:33:22.767 [restartedMain] INFO  deti.tqs.phihub.PhiHubApplication - Started PhiHubApplication in 78.72 seconds (process running for 82.199)
13:37:20.415 [restartedMain] INFO  deti.tqs.phihub.PhiHubApplication - Starting PhiHubApplication using Java 17.0.2 with PID 101 (/Backend/target/classes started by root in /Backend)
13:37:20.429 [restartedMain] INFO  deti.tqs.phihub.PhiHubApplication - No active profile set, falling back to 1 default profile: "default"
13:37:21.061 [restartedMain] INFO  o.s.b.d.e.DevToolsPropertyDefaultsPostProcessor - Devtools property defaults active! Set 'spring.devtools.add-properties' to 'false' to disable
13:37:21.061 [restartedMain] INFO  o.s.b.d.e.DevToolsPropertyDefaultsPostProcessor - For additional web related logging consider setting the 'logging.level.web' property to 'DEBUG'
13:39:40.075 [restartedMain] INFO  deti.tqs.phihub.PhiHubApplication - Starting PhiHubApplication using Java 17.0.2 with PID 102 (/Backend/target/classes started by root in /Backend)
13:39:40.081 [restartedMain] INFO  deti.tqs.phihub.PhiHubApplication - No active profile set, falling back to 1 default profile: "default"
13:39:40.326 [restartedMain] INFO  o.s.b.d.e.DevToolsPropertyDefaultsPostProcessor - Devtools property defaults active! Set 'spring.devtools.add-properties' to 'false' to disable
13:39:40.326 [restartedMain] INFO  o.s.b.d.e.DevToolsPropertyDefaultsPostProcessor - For additional web related logging consider setting the 'logging.level.web' property to 'DEBUG'
13:39:51.863 [restartedMain] INFO  o.s.d.r.c.RepositoryConfigurationDelegate - Bootstrapping Spring Data JPA repositories in DEFAULT mode.
13:39:53.181 [restartedMain] INFO  o.s.d.r.c.RepositoryConfigurationDelegate - Finished Spring Data repository scanning in 1277 ms. Found 10 JPA repository interfaces.
13:39:58.812 [restartedMain] INFO  o.s.b.w.e.tomcat.TomcatWebServer - Tomcat initialized with port 8080 (http)
13:39:58.858 [restartedMain] INFO  o.a.coyote.http11.Http11NioProtocol - Initializing ProtocolHandler ["http-nio-8080"]
13:39:58.870 [restartedMain] INFO  o.a.catalina.core.StandardService - Starting service [Tomcat]
13:39:58.871 [restartedMain] INFO  o.a.catalina.core.StandardEngine - Starting Servlet engine: [Apache Tomcat/10.1.20]
13:39:59.096 [restartedMain] INFO  o.a.c.c.C.[Tomcat].[localhost].[/] - Initializing Spring embedded WebApplicationContext
13:39:59.098 [restartedMain] INFO  o.s.b.w.s.c.ServletWebServerApplicationContext - Root WebApplicationContext: initialization completed in 18769 ms
13:39:59.930 [restartedMain] INFO  com.zaxxer.hikari.HikariDataSource - HikariPool-1 - Starting...
13:40:00.660 [restartedMain] INFO  com.zaxxer.hikari.pool.HikariPool - HikariPool-1 - Added connection org.postgresql.jdbc.PgConnection@7a8272db
13:40:00.678 [restartedMain] INFO  com.zaxxer.hikari.HikariDataSource - HikariPool-1 - Start completed.
13:40:00.725 [restartedMain] INFO  o.s.b.a.h.H2ConsoleAutoConfiguration - H2 console available at '/h2-console'. Database available at 'jdbc:postgresql://postgres-db:5432/phihub'
13:40:02.177 [restartedMain] INFO  o.h.jpa.internal.util.LogHelper - HHH000204: Processing PersistenceUnitInfo [name: default]
13:40:02.712 [restartedMain] INFO  org.hibernate.Version - HHH000412: Hibernate ORM core version 6.4.4.Final
13:40:03.054 [restartedMain] INFO  o.h.c.i.RegionFactoryInitiator - HHH000026: Second-level cache disabled
13:40:05.196 [restartedMain] INFO  o.s.o.j.p.SpringPersistenceUnitInfo - No LoadTimeWeaver setup: ignoring JPA class transformer
13:40:13.317 [restartedMain] INFO  o.h.e.t.j.p.i.JtaPlatformInitiator - HHH000489: No JTA platform available (set 'hibernate.transaction.jta.platform' to enable JTA platform integration)
13:40:13.713 [restartedMain] INFO  o.s.o.j.LocalContainerEntityManagerFactoryBean - Initialized JPA EntityManagerFactory for persistence unit 'default'
13:40:17.070 [restartedMain] INFO  o.s.d.j.r.query.QueryEnhancerFactory - Hibernate is in classpath; If applicable, HQL parser will be used.
13:40:20.846 [restartedMain] WARN  o.s.b.a.o.j.JpaBaseConfiguration$JpaWebConfiguration - spring.jpa.open-in-view is enabled by default. Therefore, database queries may be performed during view rendering. Explicitly configure spring.jpa.open-in-view to disable this warning
13:40:23.846 [restartedMain] INFO  o.s.b.a.e.web.EndpointLinksResolver - Exposing 1 endpoint(s) beneath base path '/actuator'
13:40:24.299 [restartedMain] INFO  o.s.s.web.DefaultSecurityFilterChain - Will secure any request with [org.springframework.security.web.session.DisableEncodeUrlFilter@500e8ec5, org.springframework.security.web.context.request.async.WebAsyncManagerIntegrationFilter@7998615a, org.springframework.security.web.context.SecurityContextHolderFilter@c140d28, org.springframework.security.web.header.HeaderWriterFilter@7e9407ba, org.springframework.web.filter.CorsFilter@48c6bc1c, org.springframework.security.web.authentication.logout.LogoutFilter@482bacef, deti.tqs.phihub.configs.SecurityFilter@4d2e06e8, org.springframework.security.web.savedrequest.RequestCacheAwareFilter@192ac133, org.springframework.security.web.servletapi.SecurityContextHolderAwareRequestFilter@65e4bd80, org.springframework.security.web.authentication.AnonymousAuthenticationFilter@7920e4f3, org.springframework.security.web.session.SessionManagementFilter@2435e225, org.springframework.security.web.access.ExceptionTranslationFilter@c8cc375, org.springframework.security.web.access.intercept.AuthorizationFilter@6861b54d]
13:40:31.591 [restartedMain] INFO  o.s.b.d.a.OptionalLiveReloadServer - LiveReload server is running on port 35729
13:40:31.812 [restartedMain] INFO  o.a.coyote.http11.Http11NioProtocol - Starting ProtocolHandler ["http-nio-8080"]
13:40:31.861 [restartedMain] INFO  o.s.b.w.e.tomcat.TomcatWebServer - Tomcat started on port 8080 (http) with context path ''
13:40:31.889 [restartedMain] INFO  deti.tqs.phihub.PhiHubApplication - Started PhiHubApplication in 53.845 seconds (process running for 56.132)
13:40:58.868 [http-nio-8080-exec-1] INFO  o.a.c.c.C.[Tomcat].[localhost].[/] - Initializing Spring DispatcherServlet 'dispatcherServlet'
13:40:58.869 [http-nio-8080-exec-1] INFO  o.s.web.servlet.DispatcherServlet - Initializing Servlet 'dispatcherServlet'
13:40:58.871 [http-nio-8080-exec-1] INFO  o.s.web.servlet.DispatcherServlet - Completed initialization in 1 ms
13:43:11.747 [restartedMain] INFO  deti.tqs.phihub.PhiHubApplication - Starting PhiHubApplication using Java 17.0.2 with PID 102 (/Backend/target/classes started by root in /Backend)
13:43:11.756 [restartedMain] INFO  deti.tqs.phihub.PhiHubApplication - No active profile set, falling back to 1 default profile: "default"
13:43:12.027 [restartedMain] INFO  o.s.b.d.e.DevToolsPropertyDefaultsPostProcessor - Devtools property defaults active! Set 'spring.devtools.add-properties' to 'false' to disable
13:43:12.027 [restartedMain] INFO  o.s.b.d.e.DevToolsPropertyDefaultsPostProcessor - For additional web related logging consider setting the 'logging.level.web' property to 'DEBUG'
13:43:24.091 [restartedMain] INFO  o.s.d.r.c.RepositoryConfigurationDelegate - Bootstrapping Spring Data JPA repositories in DEFAULT mode.
13:43:25.650 [restartedMain] INFO  o.s.d.r.c.RepositoryConfigurationDelegate - Finished Spring Data repository scanning in 1482 ms. Found 10 JPA repository interfaces.
13:43:31.611 [restartedMain] INFO  o.s.b.w.e.tomcat.TomcatWebServer - Tomcat initialized with port 8080 (http)
13:43:31.650 [restartedMain] INFO  o.a.coyote.http11.Http11NioProtocol - Initializing ProtocolHandler ["http-nio-8080"]
13:43:31.658 [restartedMain] INFO  o.a.catalina.core.StandardService - Starting service [Tomcat]
13:43:31.659 [restartedMain] INFO  o.a.catalina.core.StandardEngine - Starting Servlet engine: [Apache Tomcat/10.1.20]
13:43:31.898 [restartedMain] INFO  o.a.c.c.C.[Tomcat].[localhost].[/] - Initializing Spring embedded WebApplicationContext
13:43:31.901 [restartedMain] INFO  o.s.b.w.s.c.ServletWebServerApplicationContext - Root WebApplicationContext: initialization completed in 19868 ms
13:43:33.641 [restartedMain] INFO  com.zaxxer.hikari.HikariDataSource - HikariPool-1 - Starting...
13:43:34.688 [restartedMain] INFO  com.zaxxer.hikari.pool.HikariPool - HikariPool-1 - Added connection org.postgresql.jdbc.PgConnection@c24add7
13:43:34.709 [restartedMain] INFO  com.zaxxer.hikari.HikariDataSource - HikariPool-1 - Start completed.
13:43:34.775 [restartedMain] INFO  o.s.b.a.h.H2ConsoleAutoConfiguration - H2 console available at '/h2-console'. Database available at 'jdbc:postgresql://postgres-db:5432/phihub'
13:43:36.581 [restartedMain] INFO  o.h.jpa.internal.util.LogHelper - HHH000204: Processing PersistenceUnitInfo [name: default]
13:43:37.249 [restartedMain] INFO  org.hibernate.Version - HHH000412: Hibernate ORM core version 6.4.4.Final
13:43:37.638 [restartedMain] INFO  o.h.c.i.RegionFactoryInitiator - HHH000026: Second-level cache disabled
13:43:41.380 [restartedMain] INFO  o.s.o.j.p.SpringPersistenceUnitInfo - No LoadTimeWeaver setup: ignoring JPA class transformer
13:43:49.874 [restartedMain] INFO  o.h.e.t.j.p.i.JtaPlatformInitiator - HHH000489: No JTA platform available (set 'hibernate.transaction.jta.platform' to enable JTA platform integration)
13:43:50.304 [restartedMain] INFO  o.s.o.j.LocalContainerEntityManagerFactoryBean - Initialized JPA EntityManagerFactory for persistence unit 'default'
13:43:53.608 [restartedMain] INFO  o.s.d.j.r.query.QueryEnhancerFactory - Hibernate is in classpath; If applicable, HQL parser will be used.
13:43:57.758 [restartedMain] WARN  o.s.b.a.o.j.JpaBaseConfiguration$JpaWebConfiguration - spring.jpa.open-in-view is enabled by default. Therefore, database queries may be performed during view rendering. Explicitly configure spring.jpa.open-in-view to disable this warning
13:44:01.106 [restartedMain] INFO  o.s.b.a.e.web.EndpointLinksResolver - Exposing 0 endpoint(s) beneath base path '/actuator'
13:44:01.613 [restartedMain] INFO  o.s.s.web.DefaultSecurityFilterChain - Will secure any request with [org.springframework.security.web.session.DisableEncodeUrlFilter@7135d39b, org.springframework.security.web.context.request.async.WebAsyncManagerIntegrationFilter@54677ef1, org.springframework.security.web.context.SecurityContextHolderFilter@32253427, org.springframework.security.web.header.HeaderWriterFilter@7518a7fd, org.springframework.web.filter.CorsFilter@5294a0e9, org.springframework.security.web.authentication.logout.LogoutFilter@7b916962, deti.tqs.phihub.configs.SecurityFilter@735be638, org.springframework.security.web.savedrequest.RequestCacheAwareFilter@4d94f1a9, org.springframework.security.web.servletapi.SecurityContextHolderAwareRequestFilter@76b4075d, org.springframework.security.web.authentication.AnonymousAuthenticationFilter@149b7baa, org.springframework.security.web.session.SessionManagementFilter@6b40a4d1, org.springframework.security.web.access.ExceptionTranslationFilter@577b284b, org.springframework.security.web.access.intercept.AuthorizationFilter@3639e79c]
13:44:08.347 [restartedMain] INFO  o.s.b.d.a.OptionalLiveReloadServer - LiveReload server is running on port 35729
13:44:08.559 [restartedMain] INFO  o.a.coyote.http11.Http11NioProtocol - Starting ProtocolHandler ["http-nio-8080"]
13:44:08.605 [restartedMain] INFO  o.s.b.w.e.tomcat.TomcatWebServer - Tomcat started on port 8080 (http) with context path ''
13:44:08.637 [restartedMain] INFO  deti.tqs.phihub.PhiHubApplication - Started PhiHubApplication in 59.089 seconds (process running for 61.379)
13:44:13.727 [http-nio-8080-exec-1] INFO  o.a.c.c.C.[Tomcat].[localhost].[/] - Initializing Spring DispatcherServlet 'dispatcherServlet'
13:44:13.728 [http-nio-8080-exec-1] INFO  o.s.web.servlet.DispatcherServlet - Initializing Servlet 'dispatcherServlet'
13:44:13.731 [http-nio-8080-exec-1] INFO  o.s.web.servlet.DispatcherServlet - Completed initialization in 2 ms
13:49:02.955 [restartedMain] INFO  deti.tqs.phihub.PhiHubApplication - Starting PhiHubApplication using Java 17.0.2 with PID 76 (/Backend/target/classes started by root in /Backend)
13:49:02.962 [restartedMain] INFO  deti.tqs.phihub.PhiHubApplication - No active profile set, falling back to 1 default profile: "default"
13:49:03.212 [restartedMain] INFO  o.s.b.d.e.DevToolsPropertyDefaultsPostProcessor - Devtools property defaults active! Set 'spring.devtools.add-properties' to 'false' to disable
13:49:03.212 [restartedMain] INFO  o.s.b.d.e.DevToolsPropertyDefaultsPostProcessor - For additional web related logging consider setting the 'logging.level.web' property to 'DEBUG'
13:49:15.561 [restartedMain] INFO  o.s.d.r.c.RepositoryConfigurationDelegate - Bootstrapping Spring Data JPA repositories in DEFAULT mode.
13:49:17.055 [restartedMain] INFO  o.s.d.r.c.RepositoryConfigurationDelegate - Finished Spring Data repository scanning in 1435 ms. Found 10 JPA repository interfaces.
13:49:22.123 [restartedMain] INFO  o.s.b.w.e.tomcat.TomcatWebServer - Tomcat initialized with port 8080 (http)
13:49:22.178 [restartedMain] INFO  o.a.coyote.http11.Http11NioProtocol - Initializing ProtocolHandler ["http-nio-8080"]
13:49:22.190 [restartedMain] INFO  o.a.catalina.core.StandardService - Starting service [Tomcat]
13:49:22.191 [restartedMain] INFO  o.a.catalina.core.StandardEngine - Starting Servlet engine: [Apache Tomcat/10.1.20]
13:49:22.419 [restartedMain] INFO  o.a.c.c.C.[Tomcat].[localhost].[/] - Initializing Spring embedded WebApplicationContext
13:49:22.421 [restartedMain] INFO  o.s.b.w.s.c.ServletWebServerApplicationContext - Root WebApplicationContext: initialization completed in 19206 ms
13:49:23.288 [restartedMain] INFO  com.zaxxer.hikari.HikariDataSource - HikariPool-1 - Starting...
13:49:24.005 [restartedMain] INFO  com.zaxxer.hikari.pool.HikariPool - HikariPool-1 - Added connection org.postgresql.jdbc.PgConnection@abc3ea5
13:49:24.016 [restartedMain] INFO  com.zaxxer.hikari.HikariDataSource - HikariPool-1 - Start completed.
13:49:24.053 [restartedMain] INFO  o.s.b.a.h.H2ConsoleAutoConfiguration - H2 console available at '/h2-console'. Database available at 'jdbc:postgresql://postgres-db:5432/phihub'
13:49:25.534 [restartedMain] INFO  o.h.jpa.internal.util.LogHelper - HHH000204: Processing PersistenceUnitInfo [name: default]
13:49:26.203 [restartedMain] INFO  org.hibernate.Version - HHH000412: Hibernate ORM core version 6.4.4.Final
13:49:26.535 [restartedMain] INFO  o.h.c.i.RegionFactoryInitiator - HHH000026: Second-level cache disabled
13:49:28.751 [restartedMain] INFO  o.s.o.j.p.SpringPersistenceUnitInfo - No LoadTimeWeaver setup: ignoring JPA class transformer
13:49:39.481 [restartedMain] INFO  o.h.e.t.j.p.i.JtaPlatformInitiator - HHH000489: No JTA platform available (set 'hibernate.transaction.jta.platform' to enable JTA platform integration)
13:49:39.948 [restartedMain] WARN  o.h.e.jdbc.spi.SqlExceptionHelper - SQL Warning Code: 0, SQLState: 00000
13:49:39.949 [restartedMain] WARN  o.h.e.jdbc.spi.SqlExceptionHelper - constraint "uk_6lh5pteg0acbuqijq3bml6ntt" of relation "appointments" does not exist, skipping
13:49:39.970 [restartedMain] WARN  o.h.e.jdbc.spi.SqlExceptionHelper - SQL Warning Code: 0, SQLState: 00000
13:49:39.971 [restartedMain] WARN  o.h.e.jdbc.spi.SqlExceptionHelper - constraint "uk_4caqw7n7qxddk4xdul1exsqm" of relation "queues_tickets" does not exist, skipping
13:49:40.051 [restartedMain] INFO  o.s.o.j.LocalContainerEntityManagerFactoryBean - Initialized JPA EntityManagerFactory for persistence unit 'default'
13:49:43.368 [restartedMain] INFO  o.s.d.j.r.query.QueryEnhancerFactory - Hibernate is in classpath; If applicable, HQL parser will be used.
13:49:47.205 [restartedMain] WARN  o.s.b.a.o.j.JpaBaseConfiguration$JpaWebConfiguration - spring.jpa.open-in-view is enabled by default. Therefore, database queries may be performed during view rendering. Explicitly configure spring.jpa.open-in-view to disable this warning
13:49:50.322 [restartedMain] INFO  o.s.b.a.e.web.EndpointLinksResolver - Exposing 1 endpoint(s) beneath base path '/actuator'
13:49:50.801 [restartedMain] INFO  o.s.s.web.DefaultSecurityFilterChain - Will secure any request with [org.springframework.security.web.session.DisableEncodeUrlFilter@2d57465, org.springframework.security.web.context.request.async.WebAsyncManagerIntegrationFilter@241bc5d1, org.springframework.security.web.context.SecurityContextHolderFilter@26aeef23, org.springframework.security.web.header.HeaderWriterFilter@1c260204, org.springframework.web.filter.CorsFilter@5a4f3d42, org.springframework.security.web.authentication.logout.LogoutFilter@4309be7f, deti.tqs.phihub.configs.SecurityFilter@3da366b, org.springframework.security.web.savedrequest.RequestCacheAwareFilter@4ae74e26, org.springframework.security.web.servletapi.SecurityContextHolderAwareRequestFilter@1b5543c7, org.springframework.security.web.authentication.AnonymousAuthenticationFilter@1440cd81, org.springframework.security.web.session.SessionManagementFilter@4817cb12, org.springframework.security.web.access.ExceptionTranslationFilter@550121fe, org.springframework.security.web.access.intercept.AuthorizationFilter@70d72b6c]
13:49:57.415 [restartedMain] INFO  o.s.b.d.a.OptionalLiveReloadServer - LiveReload server is running on port 35729
13:49:57.631 [restartedMain] INFO  o.a.coyote.http11.Http11NioProtocol - Starting ProtocolHandler ["http-nio-8080"]
13:49:57.674 [restartedMain] INFO  o.s.b.w.e.tomcat.TomcatWebServer - Tomcat started on port 8080 (http) with context path ''
13:49:57.702 [restartedMain] INFO  deti.tqs.phihub.PhiHubApplication - Started PhiHubApplication in 57.031 seconds (process running for 59.551)
13:50:03.555 [http-nio-8080-exec-1] INFO  o.a.c.c.C.[Tomcat].[localhost].[/] - Initializing Spring DispatcherServlet 'dispatcherServlet'
13:50:03.556 [http-nio-8080-exec-1] INFO  o.s.web.servlet.DispatcherServlet - Initializing Servlet 'dispatcherServlet'
13:50:03.558 [http-nio-8080-exec-1] INFO  o.s.web.servlet.DispatcherServlet - Completed initialization in 2 ms
13:50:46.753 [File Watcher] INFO  o.s.b.d.a.LocalDevToolsAutoConfiguration$RestartingClassPathChangeChangedEventListener - Restarting due to 1 class path change (0 additions, 0 deletions, 1 modification)
13:50:46.765 [Thread-5] INFO  o.a.coyote.http11.Http11NioProtocol - Stopping ProtocolHandler ["http-nio-8080"]
13:50:46.782 [Thread-5] INFO  o.s.o.j.LocalContainerEntityManagerFactoryBean - Closing JPA EntityManagerFactory for persistence unit 'default'
13:50:46.799 [Thread-5] INFO  com.zaxxer.hikari.HikariDataSource - HikariPool-1 - Shutdown initiated...
13:50:46.805 [Thread-5] INFO  com.zaxxer.hikari.HikariDataSource - HikariPool-1 - Shutdown completed.
13:50:47.361 [restartedMain] INFO  deti.tqs.phihub.PhiHubApplication - Starting PhiHubApplication using Java 17.0.2 with PID 76 (/Backend/target/classes started by root in /Backend)
13:50:47.362 [restartedMain] INFO  deti.tqs.phihub.PhiHubApplication - No active profile set, falling back to 1 default profile: "default"
13:50:54.977 [restartedMain] INFO  o.s.d.r.c.RepositoryConfigurationDelegate - Bootstrapping Spring Data JPA repositories in DEFAULT mode.
13:50:56.145 [restartedMain] INFO  o.s.d.r.c.RepositoryConfigurationDelegate - Finished Spring Data repository scanning in 1167 ms. Found 10 JPA repository interfaces.
13:50:57.382 [restartedMain] INFO  o.s.b.w.e.tomcat.TomcatWebServer - Tomcat initialized with port 8080 (http)
13:50:57.383 [restartedMain] INFO  o.a.coyote.http11.Http11NioProtocol - Initializing ProtocolHandler ["http-nio-8080"]
13:50:57.384 [restartedMain] INFO  o.a.catalina.core.StandardService - Starting service [Tomcat]
13:50:57.384 [restartedMain] INFO  o.a.catalina.core.StandardEngine - Starting Servlet engine: [Apache Tomcat/10.1.20]
13:50:57.422 [restartedMain] INFO  o.a.c.c.C.[Tomcat].[localhost].[/] - Initializing Spring embedded WebApplicationContext
13:50:57.423 [restartedMain] INFO  o.s.b.w.s.c.ServletWebServerApplicationContext - Root WebApplicationContext: initialization completed in 9961 ms
13:50:57.968 [restartedMain] INFO  com.zaxxer.hikari.HikariDataSource - HikariPool-2 - Starting...
13:50:57.993 [restartedMain] INFO  com.zaxxer.hikari.pool.HikariPool - HikariPool-2 - Added connection org.postgresql.jdbc.PgConnection@4967ff24
13:50:57.994 [restartedMain] INFO  com.zaxxer.hikari.HikariDataSource - HikariPool-2 - Start completed.
13:50:57.994 [restartedMain] INFO  o.s.b.a.h.H2ConsoleAutoConfiguration - H2 console available at '/h2-console'. Database available at 'jdbc:postgresql://postgres-db:5432/phihub'
13:50:58.972 [restartedMain] INFO  o.h.jpa.internal.util.LogHelper - HHH000204: Processing PersistenceUnitInfo [name: default]
13:50:59.076 [restartedMain] INFO  o.h.c.i.RegionFactoryInitiator - HHH000026: Second-level cache disabled
13:50:59.271 [restartedMain] INFO  o.s.o.j.p.SpringPersistenceUnitInfo - No LoadTimeWeaver setup: ignoring JPA class transformer
13:51:00.459 [restartedMain] INFO  o.h.e.t.j.p.i.JtaPlatformInitiator - HHH000489: No JTA platform available (set 'hibernate.transaction.jta.platform' to enable JTA platform integration)
13:51:00.603 [restartedMain] INFO  o.s.o.j.LocalContainerEntityManagerFactoryBean - Initialized JPA EntityManagerFactory for persistence unit 'default'
13:51:03.465 [restartedMain] WARN  o.s.b.a.o.j.JpaBaseConfiguration$JpaWebConfiguration - spring.jpa.open-in-view is enabled by default. Therefore, database queries may be performed during view rendering. Explicitly configure spring.jpa.open-in-view to disable this warning
13:51:05.401 [restartedMain] INFO  o.s.b.a.e.web.EndpointLinksResolver - Exposing 1 endpoint(s) beneath base path '/actuator'
13:51:05.752 [restartedMain] INFO  o.s.s.web.DefaultSecurityFilterChain - Will secure any request with [org.springframework.security.web.session.DisableEncodeUrlFilter@4477fb31, org.springframework.security.web.context.request.async.WebAsyncManagerIntegrationFilter@385fbf31, org.springframework.security.web.context.SecurityContextHolderFilter@4412a81d, org.springframework.security.web.header.HeaderWriterFilter@71d64541, org.springframework.web.filter.CorsFilter@46644a1e, org.springframework.security.web.authentication.logout.LogoutFilter@440ab5cc, deti.tqs.phihub.configs.SecurityFilter@5bb76243, org.springframework.security.web.savedrequest.RequestCacheAwareFilter@4fcac1e5, org.springframework.security.web.servletapi.SecurityContextHolderAwareRequestFilter@57813f1f, org.springframework.security.web.authentication.AnonymousAuthenticationFilter@6774d66d, org.springframework.security.web.session.SessionManagementFilter@5b7c7db0, org.springframework.security.web.access.ExceptionTranslationFilter@6b0566d3, org.springframework.security.web.access.intercept.AuthorizationFilter@5d942816]
13:51:08.318 [restartedMain] INFO  o.s.b.d.a.OptionalLiveReloadServer - LiveReload server is running on port 35729
13:51:08.411 [restartedMain] INFO  o.a.coyote.http11.Http11NioProtocol - Starting ProtocolHandler ["http-nio-8080"]
13:51:08.418 [restartedMain] INFO  o.s.b.w.e.tomcat.TomcatWebServer - Tomcat started on port 8080 (http) with context path ''
13:51:08.451 [restartedMain] INFO  deti.tqs.phihub.PhiHubApplication - Started PhiHubApplication in 21.465 seconds (process running for 130.301)
13:51:08.497 [restartedMain] INFO  o.s.b.d.a.ConditionEvaluationDeltaLoggingListener - Condition evaluation unchanged
13:51:16.997 [File Watcher] INFO  o.s.b.d.a.LocalDevToolsAutoConfiguration$RestartingClassPathChangeChangedEventListener - Restarting due to 1 class path change (0 additions, 0 deletions, 1 modification)
13:51:17.001 [Thread-7] INFO  o.a.coyote.http11.Http11NioProtocol - Stopping ProtocolHandler ["http-nio-8080"]
13:51:17.009 [Thread-7] INFO  o.s.o.j.LocalContainerEntityManagerFactoryBean - Closing JPA EntityManagerFactory for persistence unit 'default'
13:51:17.011 [Thread-7] INFO  com.zaxxer.hikari.HikariDataSource - HikariPool-2 - Shutdown initiated...
13:51:17.015 [Thread-7] INFO  com.zaxxer.hikari.HikariDataSource - HikariPool-2 - Shutdown completed.
13:51:18.021 [restartedMain] INFO  deti.tqs.phihub.PhiHubApplication - Starting PhiHubApplication using Java 17.0.2 with PID 76 (/Backend/target/classes started by root in /Backend)
13:51:18.022 [restartedMain] INFO  deti.tqs.phihub.PhiHubApplication - No active profile set, falling back to 1 default profile: "default"
13:51:25.900 [restartedMain] INFO  o.s.d.r.c.RepositoryConfigurationDelegate - Bootstrapping Spring Data JPA repositories in DEFAULT mode.
13:51:27.065 [restartedMain] INFO  o.s.d.r.c.RepositoryConfigurationDelegate - Finished Spring Data repository scanning in 1165 ms. Found 10 JPA repository interfaces.
13:51:28.398 [restartedMain] INFO  o.s.b.w.e.tomcat.TomcatWebServer - Tomcat initialized with port 8080 (http)
13:51:28.399 [restartedMain] INFO  o.a.coyote.http11.Http11NioProtocol - Initializing ProtocolHandler ["http-nio-8080"]
13:51:28.400 [restartedMain] INFO  o.a.catalina.core.StandardService - Starting service [Tomcat]
13:51:28.400 [restartedMain] INFO  o.a.catalina.core.StandardEngine - Starting Servlet engine: [Apache Tomcat/10.1.20]
13:51:28.433 [restartedMain] INFO  o.a.c.c.C.[Tomcat].[localhost].[/] - Initializing Spring embedded WebApplicationContext
13:51:28.434 [restartedMain] INFO  o.s.b.w.s.c.ServletWebServerApplicationContext - Root WebApplicationContext: initialization completed in 10327 ms
13:51:28.905 [restartedMain] INFO  com.zaxxer.hikari.HikariDataSource - HikariPool-3 - Starting...
13:51:28.929 [restartedMain] INFO  com.zaxxer.hikari.pool.HikariPool - HikariPool-3 - Added connection org.postgresql.jdbc.PgConnection@228909ee
13:51:28.930 [restartedMain] INFO  com.zaxxer.hikari.HikariDataSource - HikariPool-3 - Start completed.
13:51:28.930 [restartedMain] INFO  o.s.b.a.h.H2ConsoleAutoConfiguration - H2 console available at '/h2-console'. Database available at 'jdbc:postgresql://postgres-db:5432/phihub'
13:51:29.780 [restartedMain] INFO  o.h.jpa.internal.util.LogHelper - HHH000204: Processing PersistenceUnitInfo [name: default]
13:51:29.892 [restartedMain] INFO  o.h.c.i.RegionFactoryInitiator - HHH000026: Second-level cache disabled
13:51:30.062 [restartedMain] INFO  o.s.o.j.p.SpringPersistenceUnitInfo - No LoadTimeWeaver setup: ignoring JPA class transformer
13:51:31.041 [restartedMain] INFO  o.h.e.t.j.p.i.JtaPlatformInitiator - HHH000489: No JTA platform available (set 'hibernate.transaction.jta.platform' to enable JTA platform integration)
13:51:31.139 [restartedMain] INFO  o.s.o.j.LocalContainerEntityManagerFactoryBean - Initialized JPA EntityManagerFactory for persistence unit 'default'
13:51:33.671 [restartedMain] WARN  o.s.b.a.o.j.JpaBaseConfiguration$JpaWebConfiguration - spring.jpa.open-in-view is enabled by default. Therefore, database queries may be performed during view rendering. Explicitly configure spring.jpa.open-in-view to disable this warning
13:51:35.412 [restartedMain] INFO  o.s.b.a.e.web.EndpointLinksResolver - Exposing 1 endpoint(s) beneath base path '/actuator'
13:51:35.719 [restartedMain] INFO  o.s.s.web.DefaultSecurityFilterChain - Will secure any request with [org.springframework.security.web.session.DisableEncodeUrlFilter@3f47f0c2, org.springframework.security.web.context.request.async.WebAsyncManagerIntegrationFilter@2358606d, org.springframework.security.web.context.SecurityContextHolderFilter@6de03cc, org.springframework.security.web.header.HeaderWriterFilter@620fffd1, org.springframework.web.filter.CorsFilter@15859379, org.springframework.security.web.authentication.logout.LogoutFilter@5f0de7d5, deti.tqs.phihub.configs.SecurityFilter@3ebcdad5, org.springframework.security.web.savedrequest.RequestCacheAwareFilter@65f55d94, org.springframework.security.web.servletapi.SecurityContextHolderAwareRequestFilter@332fdc17, org.springframework.security.web.authentication.AnonymousAuthenticationFilter@eadb521, org.springframework.security.web.session.SessionManagementFilter@782ac45a, org.springframework.security.web.access.ExceptionTranslationFilter@417a634d, org.springframework.security.web.access.intercept.AuthorizationFilter@10e18c53]
13:51:38.148 [restartedMain] INFO  o.s.b.d.a.OptionalLiveReloadServer - LiveReload server is running on port 35729
13:51:38.229 [restartedMain] INFO  o.a.coyote.http11.Http11NioProtocol - Starting ProtocolHandler ["http-nio-8080"]
13:51:38.234 [restartedMain] INFO  o.s.b.w.e.tomcat.TomcatWebServer - Tomcat started on port 8080 (http) with context path ''
13:51:38.248 [restartedMain] INFO  deti.tqs.phihub.PhiHubApplication - Started PhiHubApplication in 20.914 seconds (process running for 160.098)
13:51:38.263 [restartedMain] INFO  o.s.b.d.a.ConditionEvaluationDeltaLoggingListener - Condition evaluation unchanged
13:51:46.074 [File Watcher] INFO  o.s.b.d.a.LocalDevToolsAutoConfiguration$RestartingClassPathChangeChangedEventListener - Restarting due to 1 class path change (0 additions, 0 deletions, 1 modification)
13:51:46.077 [Thread-11] INFO  o.a.coyote.http11.Http11NioProtocol - Stopping ProtocolHandler ["http-nio-8080"]
13:51:46.082 [Thread-11] INFO  o.s.o.j.LocalContainerEntityManagerFactoryBean - Closing JPA EntityManagerFactory for persistence unit 'default'
13:51:46.084 [Thread-11] INFO  com.zaxxer.hikari.HikariDataSource - HikariPool-3 - Shutdown initiated...
13:51:46.087 [Thread-11] INFO  com.zaxxer.hikari.HikariDataSource - HikariPool-3 - Shutdown completed.
13:51:46.583 [restartedMain] INFO  deti.tqs.phihub.PhiHubApplication - Starting PhiHubApplication using Java 17.0.2 with PID 76 (/Backend/target/classes started by root in /Backend)
13:51:46.583 [restartedMain] INFO  deti.tqs.phihub.PhiHubApplication - No active profile set, falling back to 1 default profile: "default"
13:51:53.899 [restartedMain] INFO  o.s.d.r.c.RepositoryConfigurationDelegate - Bootstrapping Spring Data JPA repositories in DEFAULT mode.
13:51:55.069 [restartedMain] INFO  o.s.d.r.c.RepositoryConfigurationDelegate - Finished Spring Data repository scanning in 1169 ms. Found 10 JPA repository interfaces.
13:51:56.255 [restartedMain] INFO  o.s.b.w.e.tomcat.TomcatWebServer - Tomcat initialized with port 8080 (http)
13:51:56.256 [restartedMain] INFO  o.a.coyote.http11.Http11NioProtocol - Initializing ProtocolHandler ["http-nio-8080"]
13:51:56.257 [restartedMain] INFO  o.a.catalina.core.StandardService - Starting service [Tomcat]
13:51:56.258 [restartedMain] INFO  o.a.catalina.core.StandardEngine - Starting Servlet engine: [Apache Tomcat/10.1.20]
13:51:56.289 [restartedMain] INFO  o.a.c.c.C.[Tomcat].[localhost].[/] - Initializing Spring embedded WebApplicationContext
13:51:56.290 [restartedMain] INFO  o.s.b.w.s.c.ServletWebServerApplicationContext - Root WebApplicationContext: initialization completed in 9621 ms
13:51:56.742 [restartedMain] INFO  com.zaxxer.hikari.HikariDataSource - HikariPool-4 - Starting...
13:51:56.766 [restartedMain] INFO  com.zaxxer.hikari.pool.HikariPool - HikariPool-4 - Added connection org.postgresql.jdbc.PgConnection@355a3f5f
13:51:56.767 [restartedMain] INFO  com.zaxxer.hikari.HikariDataSource - HikariPool-4 - Start completed.
13:51:56.767 [restartedMain] INFO  o.s.b.a.h.H2ConsoleAutoConfiguration - H2 console available at '/h2-console'. Database available at 'jdbc:postgresql://postgres-db:5432/phihub'
13:51:57.539 [restartedMain] INFO  o.h.jpa.internal.util.LogHelper - HHH000204: Processing PersistenceUnitInfo [name: default]
13:51:57.621 [restartedMain] INFO  o.h.c.i.RegionFactoryInitiator - HHH000026: Second-level cache disabled
13:51:57.803 [restartedMain] INFO  o.s.o.j.p.SpringPersistenceUnitInfo - No LoadTimeWeaver setup: ignoring JPA class transformer
13:51:58.799 [restartedMain] INFO  o.h.e.t.j.p.i.JtaPlatformInitiator - HHH000489: No JTA platform available (set 'hibernate.transaction.jta.platform' to enable JTA platform integration)
13:51:58.892 [restartedMain] INFO  o.s.o.j.LocalContainerEntityManagerFactoryBean - Initialized JPA EntityManagerFactory for persistence unit 'default'
13:52:01.577 [restartedMain] WARN  o.s.b.a.o.j.JpaBaseConfiguration$JpaWebConfiguration - spring.jpa.open-in-view is enabled by default. Therefore, database queries may be performed during view rendering. Explicitly configure spring.jpa.open-in-view to disable this warning
13:52:03.252 [restartedMain] INFO  o.s.b.a.e.web.EndpointLinksResolver - Exposing 1 endpoint(s) beneath base path '/actuator'
13:52:03.507 [restartedMain] INFO  o.s.s.web.DefaultSecurityFilterChain - Will secure any request with [org.springframework.security.web.session.DisableEncodeUrlFilter@8584b10, org.springframework.security.web.context.request.async.WebAsyncManagerIntegrationFilter@26b93653, org.springframework.security.web.context.SecurityContextHolderFilter@48080842, org.springframework.security.web.header.HeaderWriterFilter@6700eac7, org.springframework.web.filter.CorsFilter@502db65c, org.springframework.security.web.authentication.logout.LogoutFilter@69f0a366, deti.tqs.phihub.configs.SecurityFilter@41b6a706, org.springframework.security.web.savedrequest.RequestCacheAwareFilter@6ddb0251, org.springframework.security.web.servletapi.SecurityContextHolderAwareRequestFilter@432792f8, org.springframework.security.web.authentication.AnonymousAuthenticationFilter@477cac4d, org.springframework.security.web.session.SessionManagementFilter@5a5ce19b, org.springframework.security.web.access.ExceptionTranslationFilter@5f07beec, org.springframework.security.web.access.intercept.AuthorizationFilter@914eb7b]
13:52:05.968 [restartedMain] INFO  o.s.b.d.a.OptionalLiveReloadServer - LiveReload server is running on port 35729
13:52:06.050 [restartedMain] INFO  o.a.coyote.http11.Http11NioProtocol - Starting ProtocolHandler ["http-nio-8080"]
13:52:06.054 [restartedMain] INFO  o.s.b.w.e.tomcat.TomcatWebServer - Tomcat started on port 8080 (http) with context path ''
13:52:06.073 [restartedMain] INFO  deti.tqs.phihub.PhiHubApplication - Started PhiHubApplication in 19.805 seconds (process running for 187.923)
13:52:06.090 [restartedMain] INFO  o.s.b.d.a.ConditionEvaluationDeltaLoggingListener - Condition evaluation unchanged
13:52:10.977 [http-nio-8080-exec-1] INFO  o.a.c.c.C.[Tomcat].[localhost].[/] - Initializing Spring DispatcherServlet 'dispatcherServlet'
13:52:10.977 [http-nio-8080-exec-1] INFO  o.s.web.servlet.DispatcherServlet - Initializing Servlet 'dispatcherServlet'
13:52:10.979 [http-nio-8080-exec-1] INFO  o.s.web.servlet.DispatcherServlet - Completed initialization in 1 ms
13:52:47.433 [restartedMain] INFO  deti.tqs.phihub.PhiHubApplication - Starting PhiHubApplication using Java 17.0.2 with PID 49 (/Backend/target/classes started by root in /Backend)
13:52:47.439 [restartedMain] INFO  deti.tqs.phihub.PhiHubApplication - No active profile set, falling back to 1 default profile: "default"
13:52:47.665 [restartedMain] INFO  o.s.b.d.e.DevToolsPropertyDefaultsPostProcessor - Devtools property defaults active! Set 'spring.devtools.add-properties' to 'false' to disable
13:52:47.666 [restartedMain] INFO  o.s.b.d.e.DevToolsPropertyDefaultsPostProcessor - For additional web related logging consider setting the 'logging.level.web' property to 'DEBUG'
13:52:58.824 [restartedMain] INFO  o.s.d.r.c.RepositoryConfigurationDelegate - Bootstrapping Spring Data JPA repositories in DEFAULT mode.
13:53:00.125 [restartedMain] INFO  o.s.d.r.c.RepositoryConfigurationDelegate - Finished Spring Data repository scanning in 1255 ms. Found 10 JPA repository interfaces.
13:53:04.903 [restartedMain] INFO  o.s.b.w.e.tomcat.TomcatWebServer - Tomcat initialized with port 8080 (http)
13:53:04.954 [restartedMain] INFO  o.a.coyote.http11.Http11NioProtocol - Initializing ProtocolHandler ["http-nio-8080"]
13:53:04.966 [restartedMain] INFO  o.a.catalina.core.StandardService - Starting service [Tomcat]
13:53:04.967 [restartedMain] INFO  o.a.catalina.core.StandardEngine - Starting Servlet engine: [Apache Tomcat/10.1.20]
13:53:05.175 [restartedMain] INFO  o.a.c.c.C.[Tomcat].[localhost].[/] - Initializing Spring embedded WebApplicationContext
13:53:05.177 [restartedMain] INFO  o.s.b.w.s.c.ServletWebServerApplicationContext - Root WebApplicationContext: initialization completed in 17506 ms
13:53:05.956 [restartedMain] INFO  com.zaxxer.hikari.HikariDataSource - HikariPool-1 - Starting...
13:53:06.670 [restartedMain] INFO  com.zaxxer.hikari.pool.HikariPool - HikariPool-1 - Added connection org.postgresql.jdbc.PgConnection@35e45ef0
13:53:06.681 [restartedMain] INFO  com.zaxxer.hikari.HikariDataSource - HikariPool-1 - Start completed.
13:53:06.726 [restartedMain] INFO  o.s.b.a.h.H2ConsoleAutoConfiguration - H2 console available at '/h2-console'. Database available at 'jdbc:postgresql://postgres-db:5432/phihub'
13:53:08.004 [restartedMain] INFO  o.h.jpa.internal.util.LogHelper - HHH000204: Processing PersistenceUnitInfo [name: default]
13:53:08.538 [restartedMain] INFO  org.hibernate.Version - HHH000412: Hibernate ORM core version 6.4.4.Final
13:53:08.785 [restartedMain] INFO  o.h.c.i.RegionFactoryInitiator - HHH000026: Second-level cache disabled
13:53:10.885 [restartedMain] INFO  o.s.o.j.p.SpringPersistenceUnitInfo - No LoadTimeWeaver setup: ignoring JPA class transformer
13:53:19.578 [restartedMain] INFO  o.h.e.t.j.p.i.JtaPlatformInitiator - HHH000489: No JTA platform available (set 'hibernate.transaction.jta.platform' to enable JTA platform integration)
13:53:19.986 [restartedMain] INFO  o.s.o.j.LocalContainerEntityManagerFactoryBean - Initialized JPA EntityManagerFactory for persistence unit 'default'
13:53:22.927 [restartedMain] INFO  o.s.d.j.r.query.QueryEnhancerFactory - Hibernate is in classpath; If applicable, HQL parser will be used.
13:53:26.777 [restartedMain] WARN  o.s.b.a.o.j.JpaBaseConfiguration$JpaWebConfiguration - spring.jpa.open-in-view is enabled by default. Therefore, database queries may be performed during view rendering. Explicitly configure spring.jpa.open-in-view to disable this warning
13:53:30.038 [restartedMain] INFO  o.s.b.a.e.web.EndpointLinksResolver - Exposing 1 endpoint(s) beneath base path '/actuator'
13:53:30.477 [restartedMain] INFO  o.s.s.web.DefaultSecurityFilterChain - Will secure any request with [org.springframework.security.web.session.DisableEncodeUrlFilter@199d335d, org.springframework.security.web.context.request.async.WebAsyncManagerIntegrationFilter@6cca1026, org.springframework.security.web.context.SecurityContextHolderFilter@469315b0, org.springframework.security.web.header.HeaderWriterFilter@7e236a41, org.springframework.web.filter.CorsFilter@7f1f9bd8, org.springframework.security.web.authentication.logout.LogoutFilter@60081b6d, deti.tqs.phihub.configs.SecurityFilter@6d409f5b, org.springframework.security.web.savedrequest.RequestCacheAwareFilter@339897a5, org.springframework.security.web.servletapi.SecurityContextHolderAwareRequestFilter@36adab27, org.springframework.security.web.authentication.AnonymousAuthenticationFilter@7e919bb3, org.springframework.security.web.session.SessionManagementFilter@5c3efb75, org.springframework.security.web.access.ExceptionTranslationFilter@391dae33, org.springframework.security.web.access.intercept.AuthorizationFilter@48155cb8]
13:53:37.996 [restartedMain] INFO  o.s.b.d.a.OptionalLiveReloadServer - LiveReload server is running on port 35729
13:53:38.203 [restartedMain] INFO  o.a.coyote.http11.Http11NioProtocol - Starting ProtocolHandler ["http-nio-8080"]
13:53:38.252 [restartedMain] INFO  o.s.b.w.e.tomcat.TomcatWebServer - Tomcat started on port 8080 (http) with context path ''
13:53:38.285 [restartedMain] INFO  deti.tqs.phihub.PhiHubApplication - Started PhiHubApplication in 52.671 seconds (process running for 54.864)
13:54:05.259 [http-nio-8080-exec-1] INFO  o.a.c.c.C.[Tomcat].[localhost].[/] - Initializing Spring DispatcherServlet 'dispatcherServlet'
13:54:05.260 [http-nio-8080-exec-1] INFO  o.s.web.servlet.DispatcherServlet - Initializing Servlet 'dispatcherServlet'
13:54:05.263 [http-nio-8080-exec-1] INFO  o.s.web.servlet.DispatcherServlet - Completed initialization in 2 ms
13:55:37.886 [http-nio-8080-exec-1] WARN  o.s.w.s.m.a.ResponseStatusExceptionResolver - Resolved [org.springframework.web.server.ResponseStatusException: 400 BAD_REQUEST "No tickets available"]
13:56:16.361 [http-nio-8080-exec-7] WARN  o.s.w.s.m.a.ResponseStatusExceptionResolver - Resolved [org.springframework.web.server.ResponseStatusException: 400 BAD_REQUEST "No tickets available"]
13:56:17.887 [http-nio-8080-exec-10] WARN  o.s.w.s.m.a.ResponseStatusExceptionResolver - Resolved [org.springframework.web.server.ResponseStatusException: 400 BAD_REQUEST "No tickets available"]
13:56:18.266 [http-nio-8080-exec-1] WARN  o.s.w.s.m.a.ResponseStatusExceptionResolver - Resolved [org.springframework.web.server.ResponseStatusException: 400 BAD_REQUEST "No tickets available"]
13:56:18.686 [http-nio-8080-exec-4] WARN  o.s.w.s.m.a.ResponseStatusExceptionResolver - Resolved [org.springframework.web.server.ResponseStatusException: 400 BAD_REQUEST "No tickets available"]
13:56:19.072 [http-nio-8080-exec-6] WARN  o.s.w.s.m.a.ResponseStatusExceptionResolver - Resolved [org.springframework.web.server.ResponseStatusException: 400 BAD_REQUEST "No tickets available"]
13:56:19.341 [http-nio-8080-exec-3] WARN  o.s.w.s.m.a.ResponseStatusExceptionResolver - Resolved [org.springframework.web.server.ResponseStatusException: 400 BAD_REQUEST "No tickets available"]
